TN:
SF:src\database\db.config.ts
FN:4,(anonymous_1)
FNF:1
FNH:1
FNDA:1,(anonymous_1)
DA:1,1
DA:2,1
DA:4,1
DA:5,1
DA:6,1
DA:7,1
DA:8,0
DA:11,1
DA:16,1
DA:18,0
DA:19,0
DA:23,1
LF:12
LH:9
BRDA:7,0,0,0
BRF:1
BRH:0
end_of_record
TN:
SF:src\middleware\auth.ts
FN:5,(anonymous_1)
FNF:1
FNH:1
FNDA:1,(anonymous_1)
DA:2,1
DA:3,1
DA:5,1
DA:6,1
DA:7,1
DA:8,1
DA:9,0
DA:10,0
DA:13,1
DA:14,1
DA:15,1
DA:17,1
DA:18,0
DA:19,0
DA:22,1
DA:23,1
DA:25,0
LF:17
LH:12
BRDA:8,0,0,0
BRDA:17,1,0,0
BRF:2
BRH:0
end_of_record
TN:
SF:src\user\user.controler.ts
FN:13,(anonymous_0)
FN:37,(anonymous_1)
FN:60,(anonymous_2)
FN:112,(anonymous_3)
FNF:4
FNH:1
FNDA:0,(anonymous_0)
FNDA:1,(anonymous_1)
FNDA:0,(anonymous_2)
FNDA:0,(anonymous_3)
DA:3,1
DA:10,1
DA:11,1
DA:13,1
DA:14,0
DA:15,0
DA:16,0
DA:17,0
DA:18,0
DA:23,0
DA:24,0
DA:25,0
DA:33,0
DA:37,1
DA:38,1
DA:39,1
DA:40,1
DA:41,1
DA:42,0
DA:47,1
DA:53,0
DA:60,1
DA:61,0
DA:62,0
DA:65,0
DA:66,0
DA:67,0
DA:68,0
DA:70,0
DA:71,0
DA:77,0
DA:79,0
DA:80,0
DA:82,0
DA:84,0
DA:85,0
DA:86,0
DA:87,0
DA:94,0
DA:95,0
DA:97,0
DA:103,0
DA:104,0
DA:105,0
DA:112,1
DA:113,0
DA:114,0
DA:115,0
DA:116,0
DA:117,0
DA:122,0
DA:127,0
LF:52
LH:12
BRDA:17,0,0,0
BRDA:41,1,0,0
BRDA:66,2,0,0
BRDA:67,3,0,0
BRDA:68,4,0,0
BRDA:70,5,0,0
BRDA:84,6,0,0
BRDA:116,7,0,0
BRF:8
BRH:0
end_of_record
TN:
SF:src\user\user.model.ts
FNF:0
FNH:0
DA:1,1
DA:11,1
DA:18,1
DA:20,1
LF:4
LH:4
BRF:0
BRH:0
end_of_record
TN:
SF:src\user\user.route.ts
FNF:0
FNH:0
DA:1,1
DA:2,1
DA:3,1
DA:5,1
DA:7,1
DA:8,1
DA:9,1
DA:10,1
DA:12,1
LF:9
LH:9
BRF:0
BRH:0
end_of_record
TN:
SF:src\user\user.service.ts
FN:5,(anonymous_1)
FN:12,(anonymous_2)
FN:20,(anonymous_3)
FN:32,(anonymous_4)
FNF:4
FNH:1
FNDA:0,(anonymous_1)
FNDA:1,(anonymous_2)
FNDA:0,(anonymous_3)
FNDA:0,(anonymous_4)
DA:2,1
DA:3,1
DA:5,1
DA:6,0
DA:7,0
DA:8,0
DA:9,0
DA:12,1
DA:13,1
DA:14,0
DA:16,1
DA:17,1
DA:20,1
DA:21,0
DA:22,0
DA:23,0
DA:24,0
DA:26,0
DA:28,0
DA:32,1
DA:33,0
DA:34,0
DA:35,0
DA:37,0
LF:24
LH:9
BRDA:13,0,0,0
BRDA:23,1,0,0
BRDA:34,2,0,0
BRF:3
BRH:0
end_of_record
TN:
SF:src\utils\idGenerator.ts
FN:1,(anonymous_0)
FNF:1
FNH:0
FNDA:0,(anonymous_0)
DA:1,1
DA:2,0
DA:3,0
DA:4,0
DA:6,0
DA:7,0
DA:12,0
LF:7
LH:1
BRDA:1,0,0,0
BRDA:3,1,0,0
BRDA:3,1,1,0
BRF:3
BRH:0
end_of_record
TN:
SF:src\utils\jwt.ts
FN:6,(anonymous_1)
FN:10,(anonymous_2)
FNF:2
FNH:2
FNDA:1,(anonymous_1)
FNDA:1,(anonymous_2)
DA:1,1
DA:2,1
DA:4,1
DA:6,1
DA:7,1
DA:10,1
DA:11,1
LF:7
LH:7
BRF:0
BRH:0
end_of_record
